2024-01-29T07:00:27+00:00 CRITICAL Uncaught Error: Call to undefined function get_content() in /opt/lampp/htdocs/ACF/wp-content/themes/customtheme/page.php:5
Stack trace:
#0 /opt/lampp/htdocs/ACF/wp-includes/template-loader.php(106): include()
#1 /opt/lampp/htdocs/ACF/wp-blog-header.php(19): require_once('/opt/lampp/htdo...')
#2 /opt/lampp/htdocs/ACF/index.php(17): require('/opt/lampp/htdo...')
#3 {main}
  thrown in /opt/lampp/htdocs/ACF/wp-content/themes/customtheme/page.php on line 5

2024-01-29T07:00:50+00:00 CRITICAL Uncaught Error: Call to undefined function get_content() in /opt/lampp/htdocs/ACF/wp-content/themes/customtheme/page.php:5
Stack trace:
#0 /opt/lampp/htdocs/ACF/wp-includes/template-loader.php(106): include()
#1 /opt/lampp/htdocs/ACF/wp-blog-header.php(19): require_once('/opt/lampp/htdo...')
#2 /opt/lampp/htdocs/ACF/index.php(17): require('/opt/lampp/htdo...')
#3 {main}
  thrown in /opt/lampp/htdocs/ACF/wp-content/themes/customtheme/page.php on line 5

2024-01-29T07:01:07+00:00 CRITICAL Uncaught Error: Call to undefined function get_content() in /opt/lampp/htdocs/ACF/wp-content/themes/customtheme/page.php:5
Stack trace:
#0 /opt/lampp/htdocs/ACF/wp-includes/template-loader.php(106): include()
#1 /opt/lampp/htdocs/ACF/wp-blog-header.php(19): require_once('/opt/lampp/htdo...')
#2 /opt/lampp/htdocs/ACF/index.php(17): require('/opt/lampp/htdo...')
#3 {main}
  thrown in /opt/lampp/htdocs/ACF/wp-content/themes/customtheme/page.php on line 5

2024-01-29T07:01:15+00:00 CRITICAL Uncaught Error: Call to undefined function get_content() in /opt/lampp/htdocs/ACF/wp-content/themes/customtheme/page.php:5
Stack trace:
#0 /opt/lampp/htdocs/ACF/wp-includes/template-loader.php(106): include()
#1 /opt/lampp/htdocs/ACF/wp-blog-header.php(19): require_once('/opt/lampp/htdo...')
#2 /opt/lampp/htdocs/ACF/index.php(17): require('/opt/lampp/htdo...')
#3 {main}
  thrown in /opt/lampp/htdocs/ACF/wp-content/themes/customtheme/page.php on line 5

2024-01-29T07:01:21+00:00 CRITICAL Uncaught Error: Call to undefined function get_content() in /opt/lampp/htdocs/ACF/wp-content/themes/customtheme/page.php:5
Stack trace:
#0 /opt/lampp/htdocs/ACF/wp-includes/template-loader.php(106): include()
#1 /opt/lampp/htdocs/ACF/wp-blog-header.php(19): require_once('/opt/lampp/htdo...')
#2 /opt/lampp/htdocs/ACF/index.php(17): require('/opt/lampp/htdo...')
#3 {main}
  thrown in /opt/lampp/htdocs/ACF/wp-content/themes/customtheme/page.php on line 5

2024-01-29T07:01:47+00:00 CRITICAL Uncaught Error: Call to undefined function get_content() in /opt/lampp/htdocs/ACF/wp-content/themes/customtheme/page.php:5
Stack trace:
#0 /opt/lampp/htdocs/ACF/wp-includes/template-loader.php(106): include()
#1 /opt/lampp/htdocs/ACF/wp-blog-header.php(19): require_once('/opt/lampp/htdo...')
#2 /opt/lampp/htdocs/ACF/index.php(17): require('/opt/lampp/htdo...')
#3 {main}
  thrown in /opt/lampp/htdocs/ACF/wp-content/themes/customtheme/page.php on line 5

2024-01-29T07:18:27+00:00 CRITICAL Cannot redeclare theme_support() (previously declared in /opt/lampp/htdocs/ACF/wp-content/themes/customtheme/functions.php:29) in /opt/lampp/htdocs/ACF/wp-content/themes/customtheme/functions.php on line 45

2024-01-29T07:19:04+00:00 CRITICAL Unmatched '}' in /opt/lampp/htdocs/ACF/wp-content/themes/customtheme/functions.php on line 69

2024-01-29T09:59:48+00:00 CRITICAL Declaration of My_Account_Menu_Walker::start_el(&$output, $item, $depth = 0, $args = null) must be compatible with Walker_Nav_Menu::start_el(&$output, $data_object, $depth = 0, $args = null, $current_object_id = 0) in /opt/lampp/htdocs/ACF/wp-content/themes/customtheme/functions.php on line 59

2024-01-29T10:32:38+00:00 CRITICAL Uncaught TypeError: ltrim(): Argument #1 ($string) must be of type string, array given in /opt/lampp/htdocs/ACF/wp-includes/formatting.php:4494
Stack trace:
#0 /opt/lampp/htdocs/ACF/wp-includes/formatting.php(4494): ltrim(Array)
#1 /opt/lampp/htdocs/ACF/wp-content/themes/customtheme/front-page.php(38): esc_url(Array)
#2 /opt/lampp/htdocs/ACF/wp-includes/template-loader.php(106): include('/opt/lampp/htdo...')
#3 /opt/lampp/htdocs/ACF/wp-blog-header.php(19): require_once('/opt/lampp/htdo...')
#4 /opt/lampp/htdocs/ACF/index.php(17): require('/opt/lampp/htdo...')
#5 {main}
  thrown in /opt/lampp/htdocs/ACF/wp-includes/formatting.php on line 4494

2024-01-29T11:43:21+00:00 CRITICAL Uncaught TypeError: Cannot access offset of type string on string in /opt/lampp/htdocs/ACF/wp-content/themes/customtheme/template-parts/content-first-section.php:36
Stack trace:
#0 /opt/lampp/htdocs/ACF/wp-includes/template.php(792): require()
#1 /opt/lampp/htdocs/ACF/wp-includes/template.php(725): load_template('/opt/lampp/htdo...', false, Array)
#2 /opt/lampp/htdocs/ACF/wp-includes/general-template.php(206): locate_template(Array, true, false, Array)
#3 /opt/lampp/htdocs/ACF/wp-content/themes/customtheme/front-page.php(6): get_template_part('template-parts/...', 'first-section')
#4 /opt/lampp/htdocs/ACF/wp-includes/template-loader.php(106): include('/opt/lampp/htdo...')
#5 /opt/lampp/htdocs/ACF/wp-blog-header.php(19): require_once('/opt/lampp/htdo...')
#6 /opt/lampp/htdocs/ACF/index.php(17): require('/opt/lampp/htdo...')
#7 {main}
  thrown in /opt/lampp/htdocs/ACF/wp-content/themes/customtheme/template-parts/content-first-section.php on line 36

2024-01-29T11:47:23+00:00 CRITICAL Uncaught TypeError: Cannot access offset of type string on string in /opt/lampp/htdocs/ACF/wp-content/themes/customtheme/template-parts/content-first-section.php:36
Stack trace:
#0 /opt/lampp/htdocs/ACF/wp-includes/template.php(792): require()
#1 /opt/lampp/htdocs/ACF/wp-includes/template.php(725): load_template('/opt/lampp/htdo...', false, Array)
#2 /opt/lampp/htdocs/ACF/wp-includes/general-template.php(206): locate_template(Array, true, false, Array)
#3 /opt/lampp/htdocs/ACF/wp-content/themes/customtheme/front-page.php(6): get_template_part('template-parts/...', 'first-section')
#4 /opt/lampp/htdocs/ACF/wp-includes/template-loader.php(106): include('/opt/lampp/htdo...')
#5 /opt/lampp/htdocs/ACF/wp-blog-header.php(19): require_once('/opt/lampp/htdo...')
#6 /opt/lampp/htdocs/ACF/index.php(17): require('/opt/lampp/htdo...')
#7 {main}
  thrown in /opt/lampp/htdocs/ACF/wp-content/themes/customtheme/template-parts/content-first-section.php on line 36

2024-01-29T11:47:25+00:00 CRITICAL Uncaught TypeError: Cannot access offset of type string on string in /opt/lampp/htdocs/ACF/wp-content/themes/customtheme/template-parts/content-first-section.php:36
Stack trace:
#0 /opt/lampp/htdocs/ACF/wp-includes/template.php(792): require()
#1 /opt/lampp/htdocs/ACF/wp-includes/template.php(725): load_template('/opt/lampp/htdo...', false, Array)
#2 /opt/lampp/htdocs/ACF/wp-includes/general-template.php(206): locate_template(Array, true, false, Array)
#3 /opt/lampp/htdocs/ACF/wp-content/themes/customtheme/front-page.php(6): get_template_part('template-parts/...', 'first-section')
#4 /opt/lampp/htdocs/ACF/wp-includes/template-loader.php(106): include('/opt/lampp/htdo...')
#5 /opt/lampp/htdocs/ACF/wp-blog-header.php(19): require_once('/opt/lampp/htdo...')
#6 /opt/lampp/htdocs/ACF/index.php(17): require('/opt/lampp/htdo...')
#7 {main}
  thrown in /opt/lampp/htdocs/ACF/wp-content/themes/customtheme/template-parts/content-first-section.php on line 36

2024-01-29T11:47:37+00:00 CRITICAL Uncaught TypeError: Cannot access offset of type string on string in /opt/lampp/htdocs/ACF/wp-content/themes/customtheme/template-parts/content-first-section.php:36
Stack trace:
#0 /opt/lampp/htdocs/ACF/wp-includes/template.php(792): require()
#1 /opt/lampp/htdocs/ACF/wp-includes/template.php(725): load_template('/opt/lampp/htdo...', false, Array)
#2 /opt/lampp/htdocs/ACF/wp-includes/general-template.php(206): locate_template(Array, true, false, Array)
#3 /opt/lampp/htdocs/ACF/wp-content/themes/customtheme/front-page.php(6): get_template_part('template-parts/...', 'first-section')
#4 /opt/lampp/htdocs/ACF/wp-includes/template-loader.php(106): include('/opt/lampp/htdo...')
#5 /opt/lampp/htdocs/ACF/wp-blog-header.php(19): require_once('/opt/lampp/htdo...')
#6 /opt/lampp/htdocs/ACF/index.php(17): require('/opt/lampp/htdo...')
#7 {main}
  thrown in /opt/lampp/htdocs/ACF/wp-content/themes/customtheme/template-parts/content-first-section.php on line 36

