2024-02-02T04:24:39+00:00 CRITICAL syntax error, unexpected token ".", expecting end of file in /opt/lampp/htdocs/ACF/wp-content/themes/customtheme/functions.php on line 53

2024-02-02T05:37:50+00:00 CRITICAL Uncaught Error: Call to a member function get_cart_contents_count() on null in /opt/lampp/htdocs/ACF/wp-content/themes/customtheme/functions.php:97
Stack trace:
#0 /opt/lampp/htdocs/ACF/wp-settings.php(611): include()
#1 /opt/lampp/htdocs/ACF/wp-config.php(99): require_once('/opt/lampp/htdo...')
#2 /opt/lampp/htdocs/ACF/wp-load.php(50): require_once('/opt/lampp/htdo...')
#3 /opt/lampp/htdocs/ACF/wp-blog-header.php(13): require_once('/opt/lampp/htdo...')
#4 /opt/lampp/htdocs/ACF/index.php(17): require('/opt/lampp/htdo...')
#5 {main}
  thrown in /opt/lampp/htdocs/ACF/wp-content/themes/customtheme/functions.php on line 97

2024-02-02T05:38:15+00:00 CRITICAL Uncaught Error: Call to undefined function get_cart_count_menu_item() in /opt/lampp/htdocs/ACF/wp-content/themes/customtheme/header.php:44
Stack trace:
#0 /opt/lampp/htdocs/ACF/wp-includes/template.php(790): require_once()
#1 /opt/lampp/htdocs/ACF/wp-includes/template.php(725): load_template('/opt/lampp/htdo...', true, Array)
#2 /opt/lampp/htdocs/ACF/wp-includes/general-template.php(48): locate_template(Array, true, true, Array)
#3 /opt/lampp/htdocs/ACF/wp-content/themes/customtheme/page.php(2): get_header()
#4 /opt/lampp/htdocs/ACF/wp-includes/template-loader.php(106): include('/opt/lampp/htdo...')
#5 /opt/lampp/htdocs/ACF/wp-blog-header.php(19): require_once('/opt/lampp/htdo...')
#6 /opt/lampp/htdocs/ACF/index.php(17): require('/opt/lampp/htdo...')
#7 {main}
  thrown in /opt/lampp/htdocs/ACF/wp-content/themes/customtheme/header.php on line 44

2024-02-02T05:38:40+00:00 CRITICAL Uncaught Error: Call to a member function get_cart_contents_count() on null in /opt/lampp/htdocs/ACF/wp-content/themes/customtheme/functions.php:97
Stack trace:
#0 /opt/lampp/htdocs/ACF/wp-settings.php(611): include()
#1 /opt/lampp/htdocs/ACF/wp-config.php(99): require_once('/opt/lampp/htdo...')
#2 /opt/lampp/htdocs/ACF/wp-load.php(50): require_once('/opt/lampp/htdo...')
#3 /opt/lampp/htdocs/ACF/wp-blog-header.php(13): require_once('/opt/lampp/htdo...')
#4 /opt/lampp/htdocs/ACF/index.php(17): require('/opt/lampp/htdo...')
#5 {main}
  thrown in /opt/lampp/htdocs/ACF/wp-content/themes/customtheme/functions.php on line 97

2024-02-02T05:39:12+00:00 CRITICAL syntax error, unexpected token ">" in /opt/lampp/htdocs/ACF/wp-content/themes/customtheme/functions.php on line 100

2024-02-02T05:39:40+00:00 CRITICAL Uncaught Error: Call to a member function get_cart_contents_count() on null in /opt/lampp/htdocs/ACF/wp-content/themes/customtheme/functions.php:97
Stack trace:
#0 /opt/lampp/htdocs/ACF/wp-settings.php(611): include()
#1 /opt/lampp/htdocs/ACF/wp-config.php(99): require_once('/opt/lampp/htdo...')
#2 /opt/lampp/htdocs/ACF/wp-load.php(50): require_once('/opt/lampp/htdo...')
#3 /opt/lampp/htdocs/ACF/wp-blog-header.php(13): require_once('/opt/lampp/htdo...')
#4 /opt/lampp/htdocs/ACF/index.php(17): require('/opt/lampp/htdo...')
#5 {main}
  thrown in /opt/lampp/htdocs/ACF/wp-content/themes/customtheme/functions.php on line 97

2024-02-02T05:40:35+00:00 CRITICAL syntax error, unexpected token "?", expecting end of file in /opt/lampp/htdocs/ACF/wp-content/themes/customtheme/functions.php on line 107

2024-02-02T06:23:20+00:00 CRITICAL Uncaught Error: Call to a member function is_on_sale() on string in /opt/lampp/htdocs/ACF/wp-content/plugins/woocommerce/templates/single-product/sale-flash.php:25
Stack trace:
#0 /opt/lampp/htdocs/ACF/wp-content/plugins/woocommerce/includes/wc-core-functions.php(345): include()
#1 /opt/lampp/htdocs/ACF/wp-content/plugins/woocommerce/includes/wc-template-functions.php(1697): wc_get_template('single-product/...')
#2 /opt/lampp/htdocs/ACF/wp-includes/class-wp-hook.php(324): woocommerce_show_product_sale_flash('')
#3 /opt/lampp/htdocs/ACF/wp-includes/class-wp-hook.php(348): WP_Hook->apply_filters('', Array)
#4 /opt/lampp/htdocs/ACF/wp-includes/plugin.php(517): WP_Hook->do_action(Array)
#5 /opt/lampp/htdocs/ACF/wp-content/plugins/woocommerce/templates/content-single-product.php(43): do_action('woocommerce_bef...')
#6 /opt/lampp/htdocs/ACF/wp-includes/template.php(792): require('/opt/lampp/htdo...')
#7 /opt/lampp/htdocs/ACF/wp-content/plugins/woocommerce/includes/wc-core-functions.php(284): load_template('/opt/lampp/htdo...', false)
#8 /opt/lampp/htdocs/ACF/wp-content/themes/customtheme/single.php(10): wc_get_template_part('content', 'single-product')
#9 /opt/lampp/htdocs/ACF/wp-includes/template-loader.php(106): include('/opt/lampp/htdo...')
#10 /opt/lampp/htdocs/ACF/wp-blog-header.php(19): require_once('/opt/lampp/htdo...')
#11 /opt/lampp/htdocs/ACF/index.php(17): require('/opt/lampp/htdo...')
#12 {main}
  thrown in /opt/lampp/htdocs/ACF/wp-content/plugins/woocommerce/templates/single-product/sale-flash.php on line 25

2024-02-02T06:23:52+00:00 CRITICAL Uncaught Error: Call to a member function is_on_sale() on string in /opt/lampp/htdocs/ACF/wp-content/plugins/woocommerce/templates/single-product/sale-flash.php:25
Stack trace:
#0 /opt/lampp/htdocs/ACF/wp-content/plugins/woocommerce/includes/wc-core-functions.php(345): include()
#1 /opt/lampp/htdocs/ACF/wp-content/plugins/woocommerce/includes/wc-template-functions.php(1697): wc_get_template('single-product/...')
#2 /opt/lampp/htdocs/ACF/wp-includes/class-wp-hook.php(324): woocommerce_show_product_sale_flash('')
#3 /opt/lampp/htdocs/ACF/wp-includes/class-wp-hook.php(348): WP_Hook->apply_filters('', Array)
#4 /opt/lampp/htdocs/ACF/wp-includes/plugin.php(517): WP_Hook->do_action(Array)
#5 /opt/lampp/htdocs/ACF/wp-content/plugins/woocommerce/templates/content-single-product.php(43): do_action('woocommerce_bef...')
#6 /opt/lampp/htdocs/ACF/wp-includes/template.php(792): require('/opt/lampp/htdo...')
#7 /opt/lampp/htdocs/ACF/wp-content/plugins/woocommerce/includes/wc-core-functions.php(284): load_template('/opt/lampp/htdo...', false)
#8 /opt/lampp/htdocs/ACF/wp-content/themes/customtheme/single.php(7): wc_get_template_part('content', 'single-product')
#9 /opt/lampp/htdocs/ACF/wp-includes/template-loader.php(106): include('/opt/lampp/htdo...')
#10 /opt/lampp/htdocs/ACF/wp-blog-header.php(19): require_once('/opt/lampp/htdo...')
#11 /opt/lampp/htdocs/ACF/index.php(17): require('/opt/lampp/htdo...')
#12 {main}
  thrown in /opt/lampp/htdocs/ACF/wp-content/plugins/woocommerce/templates/single-product/sale-flash.php on line 25

2024-02-02T06:28:02+00:00 CRITICAL Uncaught Error: Call to a member function is_on_sale() on string in /opt/lampp/htdocs/ACF/wp-content/plugins/woocommerce/templates/single-product/sale-flash.php:25
Stack trace:
#0 /opt/lampp/htdocs/ACF/wp-content/plugins/woocommerce/includes/wc-core-functions.php(345): include()
#1 /opt/lampp/htdocs/ACF/wp-content/plugins/woocommerce/includes/wc-template-functions.php(1697): wc_get_template('single-product/...')
#2 /opt/lampp/htdocs/ACF/wp-includes/class-wp-hook.php(324): woocommerce_show_product_sale_flash('')
#3 /opt/lampp/htdocs/ACF/wp-includes/class-wp-hook.php(348): WP_Hook->apply_filters('', Array)
#4 /opt/lampp/htdocs/ACF/wp-includes/plugin.php(517): WP_Hook->do_action(Array)
#5 /opt/lampp/htdocs/ACF/wp-content/plugins/woocommerce/templates/content-single-product.php(43): do_action('woocommerce_bef...')
#6 /opt/lampp/htdocs/ACF/wp-includes/template.php(792): require('/opt/lampp/htdo...')
#7 /opt/lampp/htdocs/ACF/wp-content/plugins/woocommerce/includes/wc-core-functions.php(284): load_template('/opt/lampp/htdo...', false)
#8 /opt/lampp/htdocs/ACF/wp-content/themes/customtheme/single-product.php(7): wc_get_template_part('content', 'single-product')
#9 /opt/lampp/htdocs/ACF/wp-includes/template-loader.php(106): include('/opt/lampp/htdo...')
#10 /opt/lampp/htdocs/ACF/wp-blog-header.php(19): require_once('/opt/lampp/htdo...')
#11 /opt/lampp/htdocs/ACF/index.php(17): require('/opt/lampp/htdo...')
#12 {main}
  thrown in /opt/lampp/htdocs/ACF/wp-content/plugins/woocommerce/templates/single-product/sale-flash.php on line 25

2024-02-02T06:41:17+00:00 CRITICAL Uncaught Error: Call to undefined method Automattic\WooCommerce\Admin\Overrides\Order::has_downloads() in /opt/lampp/htdocs/ACF/wp-content/themes/customtheme/woocommerce/myaccount/orders.php:65
Stack trace:
#0 /opt/lampp/htdocs/ACF/wp-content/plugins/woocommerce/includes/wc-core-functions.php(345): include()
#1 /opt/lampp/htdocs/ACF/wp-content/plugins/woocommerce/includes/wc-template-functions.php(3291): wc_get_template('myaccount/order...', Array)
#2 /opt/lampp/htdocs/ACF/wp-includes/class-wp-hook.php(324): woocommerce_account_orders(1)
#3 /opt/lampp/htdocs/ACF/wp-includes/class-wp-hook.php(348): WP_Hook->apply_filters('', Array)
#4 /opt/lampp/htdocs/ACF/wp-includes/plugin.php(517): WP_Hook->do_action(Array)
#5 /opt/lampp/htdocs/ACF/wp-content/plugins/woocommerce/includes/wc-template-functions.php(3239): do_action('woocommerce_acc...', '')
#6 /opt/lampp/htdocs/ACF/wp-includes/class-wp-hook.php(324): woocommerce_account_content('')
#7 /opt/lampp/htdocs/ACF/wp-includes/class-wp-hook.php(348): WP_Hook->apply_filters(NULL, Array)
#8 /opt/lampp/htdocs/ACF/wp-includes/plugin.php(517): WP_Hook->do_action(Array)
#9 /opt/lampp/htdocs/ACF/wp-content/plugins/woocommerce/templates/myaccount/my-account.php(34): do_action('woocommerce_acc...')
#10 /opt/lampp/htdocs/ACF/wp-content/plugins/woocommerce/includes/wc-core-functions.php(345): include('/opt/lampp/htdo...')
#11 /opt/lampp/htdocs/ACF/wp-content/plugins/woocommerce/includes/shortcodes/class-wc-shortcode-my-account.php(123): wc_get_template('myaccount/my-ac...', Array)
#12 /opt/lampp/htdocs/ACF/wp-content/plugins/woocommerce/includes/shortcodes/class-wc-shortcode-my-account.php(72): WC_Shortcode_My_Account::my_account('')
#13 /opt/lampp/htdocs/ACF/wp-content/plugins/woocommerce/includes/class-wc-shortcodes.php(72): WC_Shortcode_My_Account::output('')
#14 /opt/lampp/htdocs/ACF/wp-content/plugins/woocommerce/includes/class-wc-shortcodes.php(115): WC_Shortcodes::shortcode_wrapper(Array, '')
#15 /opt/lampp/htdocs/ACF/wp-includes/shortcodes.php(433): WC_Shortcodes::my_account('', '', 'woocommerce_my_...')
#16 [internal function]: do_shortcode_tag(Array)
#17 /opt/lampp/htdocs/ACF/wp-includes/shortcodes.php(273): preg_replace_callback('/\\[(\\[?)(woocom...', 'do_shortcode_ta...', '[woocommerce_my...')
#18 /opt/lampp/htdocs/ACF/wp-includes/class-wp-hook.php(324): do_shortcode('[woocommerce_my...')
#19 /opt/lampp/htdocs/ACF/wp-includes/plugin.php(205): WP_Hook->apply_filters('[woocommerce_my...', Array)
#20 /opt/lampp/htdocs/ACF/wp-includes/post-template.php(256): apply_filters('the_content', '<!-- wp:shortco...')
#21 /opt/lampp/htdocs/ACF/wp-content/themes/customtheme/page.php(7): the_content()
#22 /opt/lampp/htdocs/ACF/wp-includes/template-loader.php(106): include('/opt/lampp/htdo...')
#23 /opt/lampp/htdocs/ACF/wp-blog-header.php(19): require_once('/opt/lampp/htdo...')
#24 /opt/lampp/htdocs/ACF/index.php(17): require('/opt/lampp/htdo...')
#25 {main}
  thrown in /opt/lampp/htdocs/ACF/wp-content/themes/customtheme/woocommerce/myaccount/orders.php on line 65

2024-02-02T06:54:47+00:00 CRITICAL Uncaught Error: Call to undefined method Automattic\WooCommerce\Admin\Overrides\Order::has_downloads() in /opt/lampp/htdocs/ACF/wp-content/themes/customtheme/woocommerce/myaccount/orders.php:65
Stack trace:
#0 /opt/lampp/htdocs/ACF/wp-content/plugins/woocommerce/includes/wc-core-functions.php(345): include()
#1 /opt/lampp/htdocs/ACF/wp-content/plugins/woocommerce/includes/wc-template-functions.php(3291): wc_get_template('myaccount/order...', Array)
#2 /opt/lampp/htdocs/ACF/wp-includes/class-wp-hook.php(324): woocommerce_account_orders(1)
#3 /opt/lampp/htdocs/ACF/wp-includes/class-wp-hook.php(348): WP_Hook->apply_filters('', Array)
#4 /opt/lampp/htdocs/ACF/wp-includes/plugin.php(517): WP_Hook->do_action(Array)
#5 /opt/lampp/htdocs/ACF/wp-content/plugins/woocommerce/includes/wc-template-functions.php(3239): do_action('woocommerce_acc...', '')
#6 /opt/lampp/htdocs/ACF/wp-includes/class-wp-hook.php(324): woocommerce_account_content('')
#7 /opt/lampp/htdocs/ACF/wp-includes/class-wp-hook.php(348): WP_Hook->apply_filters(NULL, Array)
#8 /opt/lampp/htdocs/ACF/wp-includes/plugin.php(517): WP_Hook->do_action(Array)
#9 /opt/lampp/htdocs/ACF/wp-content/plugins/woocommerce/templates/myaccount/my-account.php(34): do_action('woocommerce_acc...')
#10 /opt/lampp/htdocs/ACF/wp-content/plugins/woocommerce/includes/wc-core-functions.php(345): include('/opt/lampp/htdo...')
#11 /opt/lampp/htdocs/ACF/wp-content/plugins/woocommerce/includes/shortcodes/class-wc-shortcode-my-account.php(123): wc_get_template('myaccount/my-ac...', Array)
#12 /opt/lampp/htdocs/ACF/wp-content/plugins/woocommerce/includes/shortcodes/class-wc-shortcode-my-account.php(72): WC_Shortcode_My_Account::my_account('')
#13 /opt/lampp/htdocs/ACF/wp-content/plugins/woocommerce/includes/class-wc-shortcodes.php(72): WC_Shortcode_My_Account::output('')
#14 /opt/lampp/htdocs/ACF/wp-content/plugins/woocommerce/includes/class-wc-shortcodes.php(115): WC_Shortcodes::shortcode_wrapper(Array, '')
#15 /opt/lampp/htdocs/ACF/wp-includes/shortcodes.php(433): WC_Shortcodes::my_account('', '', 'woocommerce_my_...')
#16 [internal function]: do_shortcode_tag(Array)
#17 /opt/lampp/htdocs/ACF/wp-includes/shortcodes.php(273): preg_replace_callback('/\\[(\\[?)(woocom...', 'do_shortcode_ta...', '[woocommerce_my...')
#18 /opt/lampp/htdocs/ACF/wp-includes/class-wp-hook.php(324): do_shortcode('[woocommerce_my...')
#19 /opt/lampp/htdocs/ACF/wp-includes/plugin.php(205): WP_Hook->apply_filters('[woocommerce_my...', Array)
#20 /opt/lampp/htdocs/ACF/wp-includes/post-template.php(256): apply_filters('the_content', '<!-- wp:shortco...')
#21 /opt/lampp/htdocs/ACF/wp-content/themes/customtheme/page.php(7): the_content()
#22 /opt/lampp/htdocs/ACF/wp-includes/template-loader.php(106): include('/opt/lampp/htdo...')
#23 /opt/lampp/htdocs/ACF/wp-blog-header.php(19): require_once('/opt/lampp/htdo...')
#24 /opt/lampp/htdocs/ACF/index.php(17): require('/opt/lampp/htdo...')
#25 {main}
  thrown in /opt/lampp/htdocs/ACF/wp-content/themes/customtheme/woocommerce/myaccount/orders.php on line 65

