2024-01-30T05:44:37+00:00 CRITICAL Uncaught TypeError: Cannot access offset of type string on string in /opt/lampp/htdocs/ACF/wp-content/themes/customtheme/template-parts/content-second-section.php:57
Stack trace:
#0 /opt/lampp/htdocs/ACF/wp-includes/template.php(792): require()
#1 /opt/lampp/htdocs/ACF/wp-includes/template.php(725): load_template('/opt/lampp/htdo...', false, Array)
#2 /opt/lampp/htdocs/ACF/wp-includes/general-template.php(206): locate_template(Array, true, false, Array)
#3 /opt/lampp/htdocs/ACF/wp-content/themes/customtheme/front-page.php(7): get_template_part('template-parts/...', 'second-section')
#4 /opt/lampp/htdocs/ACF/wp-includes/template-loader.php(106): include('/opt/lampp/htdo...')
#5 /opt/lampp/htdocs/ACF/wp-blog-header.php(19): require_once('/opt/lampp/htdo...')
#6 /opt/lampp/htdocs/ACF/index.php(17): require('/opt/lampp/htdo...')
#7 {main}
  thrown in /opt/lampp/htdocs/ACF/wp-content/themes/customtheme/template-parts/content-second-section.php on line 57

2024-01-30T05:44:48+00:00 CRITICAL Uncaught TypeError: Cannot access offset of type string on string in /opt/lampp/htdocs/ACF/wp-content/themes/customtheme/template-parts/content-second-section.php:57
Stack trace:
#0 /opt/lampp/htdocs/ACF/wp-includes/template.php(792): require()
#1 /opt/lampp/htdocs/ACF/wp-includes/template.php(725): load_template('/opt/lampp/htdo...', false, Array)
#2 /opt/lampp/htdocs/ACF/wp-includes/general-template.php(206): locate_template(Array, true, false, Array)
#3 /opt/lampp/htdocs/ACF/wp-content/themes/customtheme/front-page.php(7): get_template_part('template-parts/...', 'second-section')
#4 /opt/lampp/htdocs/ACF/wp-includes/template-loader.php(106): include('/opt/lampp/htdo...')
#5 /opt/lampp/htdocs/ACF/wp-blog-header.php(19): require_once('/opt/lampp/htdo...')
#6 /opt/lampp/htdocs/ACF/index.php(17): require('/opt/lampp/htdo...')
#7 {main}
  thrown in /opt/lampp/htdocs/ACF/wp-content/themes/customtheme/template-parts/content-second-section.php on line 57

2024-01-30T05:45:53+00:00 CRITICAL Uncaught TypeError: Cannot access offset of type string on string in /opt/lampp/htdocs/ACF/wp-content/themes/customtheme/template-parts/content-second-section.php:57
Stack trace:
#0 /opt/lampp/htdocs/ACF/wp-includes/template.php(792): require()
#1 /opt/lampp/htdocs/ACF/wp-includes/template.php(725): load_template('/opt/lampp/htdo...', false, Array)
#2 /opt/lampp/htdocs/ACF/wp-includes/general-template.php(206): locate_template(Array, true, false, Array)
#3 /opt/lampp/htdocs/ACF/wp-content/themes/customtheme/front-page.php(7): get_template_part('template-parts/...', 'second-section')
#4 /opt/lampp/htdocs/ACF/wp-includes/template-loader.php(106): include('/opt/lampp/htdo...')
#5 /opt/lampp/htdocs/ACF/wp-blog-header.php(19): require_once('/opt/lampp/htdo...')
#6 /opt/lampp/htdocs/ACF/index.php(17): require('/opt/lampp/htdo...')
#7 {main}
  thrown in /opt/lampp/htdocs/ACF/wp-content/themes/customtheme/template-parts/content-second-section.php on line 57

2024-01-30T05:45:56+00:00 CRITICAL Uncaught TypeError: Cannot access offset of type string on string in /opt/lampp/htdocs/ACF/wp-content/themes/customtheme/template-parts/content-second-section.php:57
Stack trace:
#0 /opt/lampp/htdocs/ACF/wp-includes/template.php(792): require()
#1 /opt/lampp/htdocs/ACF/wp-includes/template.php(725): load_template('/opt/lampp/htdo...', false, Array)
#2 /opt/lampp/htdocs/ACF/wp-includes/general-template.php(206): locate_template(Array, true, false, Array)
#3 /opt/lampp/htdocs/ACF/wp-content/themes/customtheme/front-page.php(7): get_template_part('template-parts/...', 'second-section')
#4 /opt/lampp/htdocs/ACF/wp-includes/template-loader.php(106): include('/opt/lampp/htdo...')
#5 /opt/lampp/htdocs/ACF/wp-blog-header.php(19): require_once('/opt/lampp/htdo...')
#6 /opt/lampp/htdocs/ACF/index.php(17): require('/opt/lampp/htdo...')
#7 {main}
  thrown in /opt/lampp/htdocs/ACF/wp-content/themes/customtheme/template-parts/content-second-section.php on line 57

2024-01-30T06:18:16+00:00 CRITICAL Uncaught TypeError: Cannot access offset of type string on string in /opt/lampp/htdocs/ACF/wp-content/themes/customtheme/template-parts/content-second-section.php:59
Stack trace:
#0 /opt/lampp/htdocs/ACF/wp-includes/template.php(792): require()
#1 /opt/lampp/htdocs/ACF/wp-includes/template.php(725): load_template('/opt/lampp/htdo...', false, Array)
#2 /opt/lampp/htdocs/ACF/wp-includes/general-template.php(206): locate_template(Array, true, false, Array)
#3 /opt/lampp/htdocs/ACF/wp-content/themes/customtheme/front-page.php(7): get_template_part('template-parts/...', 'second-section')
#4 /opt/lampp/htdocs/ACF/wp-includes/template-loader.php(106): include('/opt/lampp/htdo...')
#5 /opt/lampp/htdocs/ACF/wp-blog-header.php(19): require_once('/opt/lampp/htdo...')
#6 /opt/lampp/htdocs/ACF/index.php(17): require('/opt/lampp/htdo...')
#7 {main}
  thrown in /opt/lampp/htdocs/ACF/wp-content/themes/customtheme/template-parts/content-second-section.php on line 59

2024-01-30T10:49:56+00:00 CRITICAL Uncaught Error: Undefined constant "envato_market_links" in /opt/lampp/htdocs/ACF/wp-content/themes/customtheme/footer.php:5
Stack trace:
#0 /opt/lampp/htdocs/ACF/wp-includes/template.php(790): require_once()
#1 /opt/lampp/htdocs/ACF/wp-includes/template.php(725): load_template('/opt/lampp/htdo...', true, Array)
#2 /opt/lampp/htdocs/ACF/wp-includes/general-template.php(92): locate_template(Array, true, true, Array)
#3 /opt/lampp/htdocs/ACF/wp-content/themes/customtheme/404.php(6): get_footer()
#4 /opt/lampp/htdocs/ACF/wp-includes/template-loader.php(106): include('/opt/lampp/htdo...')
#5 /opt/lampp/htdocs/ACF/wp-blog-header.php(19): require_once('/opt/lampp/htdo...')
#6 /opt/lampp/htdocs/ACF/index.php(17): require('/opt/lampp/htdo...')
#7 {main}
  thrown in /opt/lampp/htdocs/ACF/wp-content/themes/customtheme/footer.php on line 5

2024-01-30T10:49:56+00:00 CRITICAL Uncaught Error: Undefined constant "envato_market_links" in /opt/lampp/htdocs/ACF/wp-content/themes/customtheme/footer.php:5
Stack trace:
#0 /opt/lampp/htdocs/ACF/wp-includes/template.php(790): require_once()
#1 /opt/lampp/htdocs/ACF/wp-includes/template.php(725): load_template('/opt/lampp/htdo...', true, Array)
#2 /opt/lampp/htdocs/ACF/wp-includes/general-template.php(92): locate_template(Array, true, true, Array)
#3 /opt/lampp/htdocs/ACF/wp-content/themes/customtheme/404.php(6): get_footer()
#4 /opt/lampp/htdocs/ACF/wp-includes/template-loader.php(106): include('/opt/lampp/htdo...')
#5 /opt/lampp/htdocs/ACF/wp-blog-header.php(19): require_once('/opt/lampp/htdo...')
#6 /opt/lampp/htdocs/ACF/index.php(17): require('/opt/lampp/htdo...')
#7 {main}
  thrown in /opt/lampp/htdocs/ACF/wp-content/themes/customtheme/footer.php on line 5

2024-01-30T12:23:54+00:00 CRITICAL Uncaught TypeError: Cannot access offset of type string on string in /opt/lampp/htdocs/ACF/wp-content/themes/customtheme/template-parts/content-footer-upper-section.php:17
Stack trace:
#0 /opt/lampp/htdocs/ACF/wp-includes/template.php(792): require()
#1 /opt/lampp/htdocs/ACF/wp-includes/template.php(725): load_template('/opt/lampp/htdo...', false, Array)
#2 /opt/lampp/htdocs/ACF/wp-includes/general-template.php(206): locate_template(Array, true, false, Array)
#3 /opt/lampp/htdocs/ACF/wp-content/themes/customtheme/front-page.php(9): get_template_part('template-parts/...', 'footer-upper-se...')
#4 /opt/lampp/htdocs/ACF/wp-includes/template-loader.php(106): include('/opt/lampp/htdo...')
#5 /opt/lampp/htdocs/ACF/wp-blog-header.php(19): require_once('/opt/lampp/htdo...')
#6 /opt/lampp/htdocs/ACF/index.php(17): require('/opt/lampp/htdo...')
#7 {main}
  thrown in /opt/lampp/htdocs/ACF/wp-content/themes/customtheme/template-parts/content-footer-upper-section.php on line 17

2024-01-30T12:24:02+00:00 CRITICAL Uncaught TypeError: Cannot access offset of type string on string in /opt/lampp/htdocs/ACF/wp-content/themes/customtheme/template-parts/content-footer-upper-section.php:17
Stack trace:
#0 /opt/lampp/htdocs/ACF/wp-includes/template.php(792): require()
#1 /opt/lampp/htdocs/ACF/wp-includes/template.php(725): load_template('/opt/lampp/htdo...', false, Array)
#2 /opt/lampp/htdocs/ACF/wp-includes/general-template.php(206): locate_template(Array, true, false, Array)
#3 /opt/lampp/htdocs/ACF/wp-content/themes/customtheme/front-page.php(9): get_template_part('template-parts/...', 'footer-upper-se...')
#4 /opt/lampp/htdocs/ACF/wp-includes/template-loader.php(106): include('/opt/lampp/htdo...')
#5 /opt/lampp/htdocs/ACF/wp-blog-header.php(19): require_once('/opt/lampp/htdo...')
#6 /opt/lampp/htdocs/ACF/index.php(17): require('/opt/lampp/htdo...')
#7 {main}
  thrown in /opt/lampp/htdocs/ACF/wp-content/themes/customtheme/template-parts/content-footer-upper-section.php on line 17

2024-01-30T12:24:15+00:00 CRITICAL Uncaught TypeError: Cannot access offset of type string on string in /opt/lampp/htdocs/ACF/wp-content/themes/customtheme/template-parts/content-footer-upper-section.php:17
Stack trace:
#0 /opt/lampp/htdocs/ACF/wp-includes/template.php(792): require()
#1 /opt/lampp/htdocs/ACF/wp-includes/template.php(725): load_template('/opt/lampp/htdo...', false, Array)
#2 /opt/lampp/htdocs/ACF/wp-includes/general-template.php(206): locate_template(Array, true, false, Array)
#3 /opt/lampp/htdocs/ACF/wp-content/themes/customtheme/front-page.php(9): get_template_part('template-parts/...', 'footer-upper-se...')
#4 /opt/lampp/htdocs/ACF/wp-includes/template-loader.php(106): include('/opt/lampp/htdo...')
#5 /opt/lampp/htdocs/ACF/wp-blog-header.php(19): require_once('/opt/lampp/htdo...')
#6 /opt/lampp/htdocs/ACF/index.php(17): require('/opt/lampp/htdo...')
#7 {main}
  thrown in /opt/lampp/htdocs/ACF/wp-content/themes/customtheme/template-parts/content-footer-upper-section.php on line 17

2024-01-30T12:24:52+00:00 CRITICAL Uncaught TypeError: Cannot access offset of type string on string in /opt/lampp/htdocs/ACF/wp-content/themes/customtheme/template-parts/content-footer-upper-section.php:17
Stack trace:
#0 /opt/lampp/htdocs/ACF/wp-includes/template.php(792): require()
#1 /opt/lampp/htdocs/ACF/wp-includes/template.php(725): load_template('/opt/lampp/htdo...', false, Array)
#2 /opt/lampp/htdocs/ACF/wp-includes/general-template.php(206): locate_template(Array, true, false, Array)
#3 /opt/lampp/htdocs/ACF/wp-content/themes/customtheme/front-page.php(9): get_template_part('template-parts/...', 'footer-upper-se...')
#4 /opt/lampp/htdocs/ACF/wp-includes/template-loader.php(106): include('/opt/lampp/htdo...')
#5 /opt/lampp/htdocs/ACF/wp-blog-header.php(19): require_once('/opt/lampp/htdo...')
#6 /opt/lampp/htdocs/ACF/index.php(17): require('/opt/lampp/htdo...')
#7 {main}
  thrown in /opt/lampp/htdocs/ACF/wp-content/themes/customtheme/template-parts/content-footer-upper-section.php on line 17

