2024-01-31T05:22:59+00:00 CRITICAL Uncaught TypeError: Illegal offset type in isset or empty in /opt/lampp/htdocs/ACF/wp-content/plugins/advanced-custom-fields-pro/includes/class-acf-data.php:127
Stack trace:
#0 /opt/lampp/htdocs/ACF/wp-content/plugins/advanced-custom-fields-pro/includes/local-fields.php(579): ACF_Data->is(Array)
#1 /opt/lampp/htdocs/ACF/wp-content/plugins/advanced-custom-fields-pro/includes/local-fields.php(670): acf_is_local_field_key(Array)
#2 /opt/lampp/htdocs/ACF/wp-includes/class-wp-hook.php(324): _acf_apply_is_local_field_key(false, Array)
#3 /opt/lampp/htdocs/ACF/wp-includes/plugin.php(205): WP_Hook->apply_filters(false, Array)
#4 /opt/lampp/htdocs/ACF/wp-content/plugins/advanced-custom-fields-pro/includes/acf-field-functions.php(197): apply_filters('acf/is_field_ke...', false, Array)
#5 /opt/lampp/htdocs/ACF/wp-content/plugins/advanced-custom-fields-pro/includes/api/api-template.php(134): acf_is_field_key(Array)
#6 /opt/lampp/htdocs/ACF/wp-content/plugins/advanced-custom-fields-pro/includes/api/api-template.php(96): acf_maybe_get_field(Array, 26)
#7 /opt/lampp/htdocs/ACF/wp-content/plugins/advanced-custom-fields-pro/includes/api/api-template.php(417): get_field_object(Array, 26, false)
#8 /opt/lampp/htdocs/ACF/wp-content/themes/customtheme/footer.php(15): have_rows(Array)
#9 /opt/lampp/htdocs/ACF/wp-includes/template.php(790): require_once('/opt/lampp/htdo...')
#10 /opt/lampp/htdocs/ACF/wp-includes/template.php(725): load_template('/opt/lampp/htdo...', true, Array)
#11 /opt/lampp/htdocs/ACF/wp-includes/general-template.php(92): locate_template(Array, true, true, Array)
#12 /opt/lampp/htdocs/ACF/wp-content/themes/customtheme/front-page.php(12): get_footer()
#13 /opt/lampp/htdocs/ACF/wp-includes/template-loader.php(106): include('/opt/lampp/htdo...')
#14 /opt/lampp/htdocs/ACF/wp-blog-header.php(19): require_once('/opt/lampp/htdo...')
#15 /opt/lampp/htdocs/ACF/index.php(17): require('/opt/lampp/htdo...')
#16 {main}
  thrown in /opt/lampp/htdocs/ACF/wp-content/plugins/advanced-custom-fields-pro/includes/class-acf-data.php on line 127

2024-01-31T07:33:38+00:00 CRITICAL Uncaught Error: Call to undefined function get_field() in /opt/lampp/htdocs/ACF/wp-content/themes/customtheme/template-parts/content-first-section.php:4
Stack trace:
#0 /opt/lampp/htdocs/ACF/wp-includes/template.php(792): require()
#1 /opt/lampp/htdocs/ACF/wp-includes/template.php(725): load_template('/opt/lampp/htdo...', false, Array)
#2 /opt/lampp/htdocs/ACF/wp-includes/general-template.php(206): locate_template(Array, true, false, Array)
#3 /opt/lampp/htdocs/ACF/wp-content/themes/customtheme/front-page.php(6): get_template_part('template-parts/...', 'first-section')
#4 /opt/lampp/htdocs/ACF/wp-includes/template-loader.php(106): include('/opt/lampp/htdo...')
#5 /opt/lampp/htdocs/ACF/wp-blog-header.php(19): require_once('/opt/lampp/htdo...')
#6 /opt/lampp/htdocs/ACF/index.php(17): require('/opt/lampp/htdo...')
#7 {main}
  thrown in /opt/lampp/htdocs/ACF/wp-content/themes/customtheme/template-parts/content-first-section.php on line 4

2024-01-31T07:33:40+00:00 CRITICAL Uncaught Error: Call to undefined function get_field() in /opt/lampp/htdocs/ACF/wp-content/themes/customtheme/footer.php:9
Stack trace:
#0 /opt/lampp/htdocs/ACF/wp-includes/template.php(790): require_once()
#1 /opt/lampp/htdocs/ACF/wp-includes/template.php(725): load_template('/opt/lampp/htdo...', true, Array)
#2 /opt/lampp/htdocs/ACF/wp-includes/general-template.php(92): locate_template(Array, true, true, Array)
#3 /opt/lampp/htdocs/ACF/wp-content/themes/customtheme/page.php(8): get_footer()
#4 /opt/lampp/htdocs/ACF/wp-includes/template-loader.php(106): include('/opt/lampp/htdo...')
#5 /opt/lampp/htdocs/ACF/wp-blog-header.php(19): require_once('/opt/lampp/htdo...')
#6 /opt/lampp/htdocs/ACF/index.php(17): require('/opt/lampp/htdo...')
#7 {main}
  thrown in /opt/lampp/htdocs/ACF/wp-content/themes/customtheme/footer.php on line 9

2024-01-31T07:33:49+00:00 CRITICAL Uncaught Error: Call to undefined function get_field() in /opt/lampp/htdocs/ACF/wp-content/themes/customtheme/template-parts/content-first-section.php:4
Stack trace:
#0 /opt/lampp/htdocs/ACF/wp-includes/template.php(792): require()
#1 /opt/lampp/htdocs/ACF/wp-includes/template.php(725): load_template('/opt/lampp/htdo...', false, Array)
#2 /opt/lampp/htdocs/ACF/wp-includes/general-template.php(206): locate_template(Array, true, false, Array)
#3 /opt/lampp/htdocs/ACF/wp-content/themes/customtheme/front-page.php(6): get_template_part('template-parts/...', 'first-section')
#4 /opt/lampp/htdocs/ACF/wp-includes/template-loader.php(106): include('/opt/lampp/htdo...')
#5 /opt/lampp/htdocs/ACF/wp-blog-header.php(19): require_once('/opt/lampp/htdo...')
#6 /opt/lampp/htdocs/ACF/index.php(17): require('/opt/lampp/htdo...')
#7 {main}
  thrown in /opt/lampp/htdocs/ACF/wp-content/themes/customtheme/template-parts/content-first-section.php on line 4

2024-01-31T09:45:36+00:00 CRITICAL Uncaught Error: Call to undefined function aws_get_search_form() in /opt/lampp/htdocs/ACF/wp-content/themes/customtheme/header.php:38
Stack trace:
#0 /opt/lampp/htdocs/ACF/wp-includes/template.php(790): require_once()
#1 /opt/lampp/htdocs/ACF/wp-includes/template.php(725): load_template('/opt/lampp/htdo...', true, Array)
#2 /opt/lampp/htdocs/ACF/wp-includes/general-template.php(48): locate_template(Array, true, true, Array)
#3 /opt/lampp/htdocs/ACF/wp-content/themes/customtheme/front-page.php(3): get_header()
#4 /opt/lampp/htdocs/ACF/wp-includes/template-loader.php(106): include('/opt/lampp/htdo...')
#5 /opt/lampp/htdocs/ACF/wp-blog-header.php(19): require_once('/opt/lampp/htdo...')
#6 /opt/lampp/htdocs/ACF/index.php(17): require('/opt/lampp/htdo...')
#7 {main}
  thrown in /opt/lampp/htdocs/ACF/wp-content/themes/customtheme/header.php on line 38

2024-01-31T11:22:25+00:00 CRITICAL Uncaught Error: Class "Your_Custom_Nav_Walker" not found in /opt/lampp/htdocs/ACF/wp-content/themes/customtheme/header.php:34
Stack trace:
#0 /opt/lampp/htdocs/ACF/wp-includes/template.php(790): require_once()
#1 /opt/lampp/htdocs/ACF/wp-includes/template.php(725): load_template('/opt/lampp/htdo...', true, Array)
#2 /opt/lampp/htdocs/ACF/wp-includes/general-template.php(48): locate_template(Array, true, true, Array)
#3 /opt/lampp/htdocs/ACF/wp-content/themes/customtheme/front-page.php(3): get_header()
#4 /opt/lampp/htdocs/ACF/wp-includes/template-loader.php(106): include('/opt/lampp/htdo...')
#5 /opt/lampp/htdocs/ACF/wp-blog-header.php(19): require_once('/opt/lampp/htdo...')
#6 /opt/lampp/htdocs/ACF/index.php(17): require('/opt/lampp/htdo...')
#7 {main}
  thrown in /opt/lampp/htdocs/ACF/wp-content/themes/customtheme/header.php on line 34

